\BOOKMARK [1][-]{section*.1}{\376\377\000A\000b\000s\000t\000r\000a\000c\000t}{}% 1
\BOOKMARK [1][-]{section.1}{\376\377\0001\000\040\000I\000n\000t\000r\000o\000d\000u\000c\000t\000i\000o\000n}{}% 2
\BOOKMARK [1][-]{section.2}{\376\377\0002\000\040\000E\000f\000f\000e\000c\000t\000i\000v\000e\000\040\000C\000o\000l\000l\000a\000b\000o\000r\000a\000t\000i\000o\000n}{}% 3
\BOOKMARK [2][-]{subsection.2.1}{\376\377\0002\000.\0001\000\040\000C\000l\000e\000a\000r\000\040\000o\000b\000j\000e\000c\000t\000i\000v\000e\000s\000\040\000a\000n\000d\000\040\000s\000e\000p\000a\000r\000a\000t\000i\000o\000n\000\040\000o\000f\000\040\000w\000o\000r\000k}{section.2}% 4
\BOOKMARK [2][-]{subsection.2.2}{\376\377\0002\000.\0002\000\040\000N\000o\000\040\000d\000e\000p\000a\000r\000t\000m\000e\000n\000t\000a\000l\000\040\000s\000i\000l\000o\000s}{section.2}% 5
\BOOKMARK [2][-]{subsection.2.3}{\376\377\0002\000.\0003\000\040\000C\000o\000l\000l\000a\000b\000o\000r\000a\000t\000i\000v\000e\000\040\000a\000r\000c\000h\000i\000t\000e\000c\000t\000u\000r\000e\000\040\000a\000n\000d\000\040\000d\000e\000s\000i\000g\000n\000\040\000g\000u\000i\000d\000e\000l\000i\000n\000e\000s}{section.2}% 6
\BOOKMARK [1][-]{section.3}{\376\377\0003\000\040\000A\000g\000i\000l\000e\000\040\000A\000r\000c\000h\000i\000t\000e\000c\000t\000u\000r\000e}{}% 7
\BOOKMARK [1][-]{section.4}{\376\377\0004\000\040\000D\000e\000s\000i\000g\000n\000\040\000E\000m\000e\000r\000g\000e\000s\000.\000\040\000A\000r\000c\000h\000i\000t\000e\000c\000t\000u\000r\000e\000\040\000i\000s\000\040\000a\000\040\000C\000o\000l\000l\000a\000b\000o\000r\000a\000t\000i\000o\000n}{}% 8
\BOOKMARK [1][-]{section.5}{\376\377\0005\000\040\000A\000r\000c\000h\000i\000t\000e\000c\000t\000u\000r\000e\000\040\000w\000o\000r\000k\000\040\000t\000h\000a\000t\000\040\000s\000u\000p\000p\000o\000r\000t\000s\000\040\000A\000g\000i\000l\000e\000\040\000D\000e\000v\000e\000l\000o\000p\000m\000e\000n\000t}{}% 9
\BOOKMARK [2][-]{subsection.5.1}{\376\377\0005\000.\0001\000\040\000C\000a\000p\000t\000u\000r\000e\000\040\000c\000l\000e\000a\000r\000\040\000a\000r\000c\000h\000i\000t\000e\000c\000t\000u\000r\000e\000\040\000p\000r\000i\000n\000c\000i\000p\000l\000e\000s}{section.5}% 10
\BOOKMARK [2][-]{subsection.5.2}{\376\377\0005\000.\0002\000\040\000D\000e\000f\000i\000n\000e\000\040\000c\000o\000m\000p\000o\000n\000e\000n\000t\000s\000\040\000c\000l\000e\000a\000r\000l\000y}{section.5}% 11
\BOOKMARK [2][-]{subsection.5.3}{\376\377\0005\000.\0003\000\040\000C\000o\000l\000l\000a\000b\000o\000r\000a\000t\000i\000o\000n\000\040\000o\000v\000e\000r\000\040\000C\000o\000n\000t\000r\000a\000c\000t\000s}{section.5}% 12
\BOOKMARK [2][-]{subsection.5.4}{\376\377\0005\000.\0004\000\040\000F\000o\000c\000u\000s\000\040\000d\000e\000s\000i\000g\000n\000\040\000w\000o\000r\000k\000\040\000o\000n\000\040\000s\000t\000a\000k\000e\000h\000o\000l\000d\000e\000r\000\040\000c\000o\000n\000c\000e\000r\000n\000s}{section.5}% 13
\BOOKMARK [1][-]{section.6}{\376\377\0006\000\040\000C\000o\000n\000c\000l\000u\000s\000i\000o\000n}{}% 14
\BOOKMARK [1][-]{section.7}{\376\377\0007\000\040\000T\000a\000b\000l\000e\000s}{}% 15
\BOOKMARK [1][-]{section.8}{\376\377\0008\000\040\000M\000a\000t\000h\000\040\000E\000q\000u\000a\000t\000i\000o\000n\000s}{}% 16
\BOOKMARK [2][-]{subsection.8.1}{\376\377\0008\000.\0001\000\040\000I\000n\000l\000i\000n\000e\000\040\000\050\000I\000n\000-\000t\000e\000x\000t\000\051\000\040\000E\000q\000u\000a\000t\000i\000o\000n\000s}{section.8}% 17
\BOOKMARK [2][-]{subsection.8.2}{\376\377\0008\000.\0002\000\040\000D\000i\000s\000p\000l\000a\000y\000\040\000E\000q\000u\000a\000t\000i\000o\000n\000s}{section.8}% 18
\BOOKMARK [1][-]{section.9}{\376\377\0009\000\040\000C\000i\000t\000a\000t\000i\000o\000n\000s\000\040\000a\000n\000d\000\040\000B\000i\000b\000l\000i\000o\000g\000r\000a\000p\000h\000i\000e\000s}{}% 19
\BOOKMARK [1][-]{section*.6}{\376\377\000R\000e\000f\000e\000r\000e\000n\000c\000e\000s}{}% 20
\BOOKMARK [1][-]{appendix.A}{\376\377\000A\000\040\000e\000r\000e\000r}{}% 21
